<?xml version="1.0" encoding="UTF-8"?>
<!-- Generated by org.testng.reporters.JUnitXMLReporter -->
<testsuite ignored="13" hostname="Dewans-MBP.lan" failures="0" tests="1" name="Default test" time="9.183" errors="0" timestamp="2024-06-01T00:54:56 EDT">
  <testcase classname="pages.HomePageTest" name="clickmenu" time="4.063"/>
  <testcase classname="pages.HomePageTest" name="clickdonate" time="0.0">
    <ignored/>
  </testcase> <!-- clickdonate -->
  <testcase classname="pages.HomePageTest" name="clickhospitalinforamation" time="0.0">
    <ignored/>
  </testcase> <!-- clickhospitalinforamation -->
  <testcase classname="pages.HomePageTest" name="clickwrongfindadoctor" time="0.0">
    <ignored/>
  </testcase> <!-- clickwrongfindadoctor -->
  <testcase classname="pages.HomePageTest" name="clickHomeButton" time="0.0">
    <ignored/>
  </testcase> <!-- clickHomeButton -->
  <testcase classname="pages.HomePageTest" name="clickdoctorname" time="0.0">
    <ignored/>
  </testcase> <!-- clickdoctorname -->
  <testcase classname="pages.HomePageTest" name="clickfindalocation" time="0.0">
    <ignored/>
  </testcase> <!-- clickfindalocation -->
  <testcase classname="pages.HomePageTest" name="clickdirectionsparking" time="0.0">
    <ignored/>
  </testcase> <!-- clickdirectionsparking -->
  <testcase classname="pages.HomePageTest" name="clickhospitalinformationthenclickfindadoctortheninputTextIndoctornamethenclicksearch" time="0.0">
    <ignored/>
  </testcase> <!-- clickhospitalinformationthenclickfindadoctortheninputTextIndoctornamethenclicksearch -->
  <testcase classname="pages.HomePageTest" name="clickalllocations" time="0.0">
    <ignored/>
  </testcase> <!-- clickalllocations -->
  <testcase classname="pages.HomePageTest" name="clickmenuthenclickalllocationsthensearch" time="0.0">
    <ignored/>
  </testcase> <!-- clickmenuthenclickalllocationsthensearch -->
  <testcase classname="pages.HomePageTest" name="clicksearch" time="0.0">
    <ignored/>
  </testcase> <!-- clicksearch -->
  <testcase classname="pages.HomePageTest" name="clicksignin" time="0.0">
    <ignored/>
  </testcase> <!-- clicksignin -->
  <testcase classname="pages.HomePageTest" name="clickfindadoctor" time="0.0">
    <ignored/>
  </testcase> <!-- clickfindadoctor -->
</testsuite> <!-- Default test -->
