<?xml version="1.0" encoding="UTF-8"?>
<testng-results ignored="13" total="14" passed="1" failed="0" skipped="0">
  <reporter-output>
  </reporter-output>
  <suite started-at="2024-06-01T00:54:47 EDT" name="Default suite" finished-at="2024-06-01T00:54:56 EDT" duration-ms="9183">
    <groups>
    </groups>
    <test started-at="2024-06-01T00:54:47 EDT" name="Default test" finished-at="2024-06-01T00:54:56 EDT" duration-ms="9183">
      <class name="pages.HomePageTest">
        <test-method is-config="true" signature="setUp()[pri:0, instance:pages.HomePageTest@26d9b808]" started-at="2024-06-01T00:54:47 EDT" name="setUp" finished-at="2024-06-01T00:54:52 EDT" duration-ms="4939" status="PASS">
          <reporter-output>
          </reporter-output>
        </test-method> <!-- setUp -->
        <test-method signature="clickmenu()[pri:0, instance:pages.HomePageTest@26d9b808]" started-at="2024-06-01T00:54:52 EDT" name="clickmenu" finished-at="2024-06-01T00:54:56 EDT" duration-ms="4063" status="PASS">
          <reporter-output>
          </reporter-output>
        </test-method> <!-- clickmenu -->
        <test-method is-config="true" signature="tearUp()[pri:0, instance:pages.HomePageTest@26d9b808]" started-at="2024-06-01T00:54:56 EDT" name="tearUp" finished-at="2024-06-01T00:54:56 EDT" duration-ms="139" status="PASS">
          <reporter-output>
          </reporter-output>
        </test-method> <!-- tearUp -->
      </class> <!-- pages.HomePageTest -->
    </test> <!-- Default test -->
  </suite> <!-- Default suite -->
</testng-results>
